<?xml version="1.0" encoding="UTF-8"?>
<!-- Generated by org.testng.reporters.JUnitReportReporter -->
<testsuite hostname="Malas-MBP.attlocal.net" name="qa.vector.UspsCalculatorTest" tests="1" failures="0" timestamp="27 Mar 2023 07:06:07 GMT" time="26.381" errors="0">
  <testcase name="uspsCalTest1" time="26.381" classname="qa.vector.UspsCalculatorTest"/>
</testsuite> <!-- qa.vector.UspsCalculatorTest -->
