<?xml version="1.0" encoding="UTF-8"?>
<!-- Generated by org.testng.reporters.JUnitReportReporter -->
<testsuite hostname="Malas-MBP.attlocal.net" name="CommonUtility.SetEnvStaging" tests="1" failures="0" timestamp="27 Mar 2023 07:06:07 GMT" time="0.071" errors="0">
  <testcase name="SetFunEnv" time="0.071" classname="CommonUtility.SetEnvStaging"/>
</testsuite> <!-- CommonUtility.SetEnvStaging -->
